Using pre-set license
Built from '2020.2/staging' branch; Version is '2020.2.6f1 (8a2143876886) revision 9052483'; Using compiler version '192528614'; Build Type 'Release'
OS: 'Windows 10 Pro; OS build 19042.1110; Version 2009; 64bit' Language: 'en' Physical Memory: 8060 MB
BatchMode: 1, IsHumanControllingUs: 0, StartBugReporterOnCrash: 0, Is64bit: 1, IsPro: 0

 COMMAND LINE ARGUMENTS:
C:\Program Files\Unity\Editor\Unity.exe
-adb2
-batchMode
-noUpm
-name
AssetImportWorker2
-projectPath
C:/Users/AumChanchai/Documents/SaveLoad_Demo
-logFile
Logs/AssetImportWorker2.log
-srvPort
61968
Successfully changed project path to: C:/Users/AumChanchai/Documents/SaveLoad_Demo
C:/Users/AumChanchai/Documents/SaveLoad_Demo
Using Asset Import Pipeline V2.
Refreshing native plugins compatible for Editor in 80.42 ms, found 0 plugins.
Preloading 0 native plugins for Editor in 0.00 ms.
Initialize engine version: 2020.2.6f1 (8a2143876886)
[Subsystems] Discovering subsystems at path C:/Program Files/Unity/Editor/Data/Resources/UnitySubsystems
[Subsystems] Discovering subsystems at path C:/Users/AumChanchai/Documents/SaveLoad_Demo/Assets
GfxDevice: creating device client; threaded=0
Direct3D:
    Version:  Direct3D 11.0 [level 11.0]
    Renderer: NVIDIA GeForce GTX 950M (ID=0x139a)
    Vendor:   
    VRAM:     4062 MB
    Driver:   21.21.13.7654
Initialize mono
Mono path[0] = 'C:/Program Files/Unity/Editor/Data/Managed'
Mono path[1] = 'C:/Program Files/Unity/Editor/Data/MonoBleedingEdge/lib/mono/unityjit'
Mono config path = 'C:/Program Files/Unity/Editor/Data/MonoBleedingEdge/etc'
Using monoOptions --debugger-agent=transport=dt_socket,embedding=1,server=y,suspend=n,address=127.0.0.1:56092
Begin MonoManager ReloadAssembly
Registering precompiled unity dll's ...
Register platform support module: C:/Program Files/Unity/Editor/Data/PlaybackEngines/WindowsStandaloneSupport/UnityEditor.WindowsStandalone.Extensions.dll
Registered in 0.005099 seconds.
Symbol file data-00000152C4FD6A20 doesn't match image C:\Program Files\Unity\Editor\Data\PlaybackEngines\WindowsStandaloneSupport\UnityEditor.WindowsStandalone.Extensions.dll
Symbol file LoadedFromMemory is not a mono symbol file
Native extension for WindowsStandalone target not found
Refreshing native plugins compatible for Editor in 75.08 ms, found 0 plugins.
Preloading 0 native plugins for Editor in 0.00 ms.
Invoked RoslynAnalysisRunner static constructor.
RoslynAnalysisRunner will not be running.
RoslynAnalysisRunner has terminated.
Mono: successfully reloaded assembly
- Completed reload, in  5.720 seconds
Platform modules already initialized, skipping
Registering precompiled user dll's ...
Registered in 0.001901 seconds.
Begin MonoManager ReloadAssembly
Symbol file data-00000152C708DA90 doesn't match image C:\Program Files\Unity\Editor\Data\PlaybackEngines\WindowsStandaloneSupport\UnityEditor.WindowsStandalone.Extensions.dll
Symbol file LoadedFromMemory is not a mono symbol file
Native extension for WindowsStandalone target not found
Refreshing native plugins compatible for Editor in 0.88 ms, found 0 plugins.
Preloading 0 native plugins for Editor in 0.00 ms.
Invoked RoslynAnalysisRunner static constructor.
RoslynAnalysisRunner will not be running.
RoslynAnalysisRunner has terminated.
Mono: successfully reloaded assembly
- Completed reload, in  2.732 seconds
Platform modules already initialized, skipping
========================================================================
Worker process is ready to serve import requests
Launched and connected shader compiler UnityShaderCompiler.exe after 0.15 seconds
Refreshing native plugins compatible for Editor in 0.39 ms, found 0 plugins.
Preloading 0 native plugins for Editor in 0.00 ms.
Unloading 1120 Unused Serialized files (Serialized files now loaded: 0)
System memory in use before: 58.7 MB.
System memory in use after: 58.8 MB.

Unloading 10 unused Assets to reduce memory usage. Loaded Objects now: 1561.
Total: 6.524100 ms (FindLiveObjects: 0.567300 ms CreateObjectMapping: 0.371800 ms MarkObjects: 5.406000 ms  DeleteObjects: 0.177000 ms)

========================================================================
Received Import Request.
  path: Assets/Script/Clickhandler.cs
  artifactKey: Guid(fe353ce2a00a87a4f9d4abdf915a9ce5) Importer(815301076,1909f56bfc062723c751e8b465ee728b)
Start importing Assets/Script/Clickhandler.cs using Guid(fe353ce2a00a87a4f9d4abdf915a9ce5) Importer(815301076,1909f56bfc062723c751e8b465ee728b)  -> (artifact id: '56bdb7e66b28f8a20eb766b70bcd66f6') in 0.083229 seconds
  Import took 0.092034 seconds .

========================================================================
Received Prepare
Registering precompiled user dll's ...
Registered in 0.001495 seconds.
Begin MonoManager ReloadAssembly
Symbol file data-00000152D9326650 doesn't match image C:\Program Files\Unity\Editor\Data\PlaybackEngines\WindowsStandaloneSupport\UnityEditor.WindowsStandalone.Extensions.dll
Symbol file LoadedFromMemory is not a mono symbol file
Native extension for WindowsStandalone target not found
Refreshing native plugins compatible for Editor in 0.56 ms, found 0 plugins.
Preloading 0 native plugins for Editor in 0.00 ms.
Invoked RoslynAnalysisRunner static constructor.
RoslynAnalysisRunner will not be running.
RoslynAnalysisRunner has terminated.
Mono: successfully reloaded assembly
- Completed reload, in  2.930 seconds
Platform modules already initialized, skipping
Refreshing native plugins compatible for Editor in 0.36 ms, found 0 plugins.
Preloading 0 native plugins for Editor in 0.00 ms.
Unloading 1102 Unused Serialized files (Serialized files now loaded: 0)
System memory in use before: 57.6 MB.
System memory in use after: 57.7 MB.

Unloading 5 unused Assets to reduce memory usage. Loaded Objects now: 1563.
Total: 1.880100 ms (FindLiveObjects: 0.191700 ms CreateObjectMapping: 0.047100 ms MarkObjects: 1.550900 ms  DeleteObjects: 0.089000 ms)

========================================================================
Received Import Request.
  Time since last request: 170.748908 seconds.
  path: Assets/Script/PlayerPrefsJTA.cs
  artifactKey: Guid(d5d43f5805af6cc44b40782c504413d3) Importer(815301076,1909f56bfc062723c751e8b465ee728b)
Start importing Assets/Script/PlayerPrefsJTA.cs using Guid(d5d43f5805af6cc44b40782c504413d3) Importer(815301076,1909f56bfc062723c751e8b465ee728b)  -> (artifact id: 'ee6d5b827ce96cc2e3121866df180743') in 0.033869 seconds
  Import took 0.043365 seconds .

========================================================================
Received Import Request.
  Time since last request: 0.000549 seconds.
  path: Assets/Script/SaveLoad.cs
  artifactKey: Guid(c7c79df9a3e666447b4839dbe4648f7a) Importer(815301076,1909f56bfc062723c751e8b465ee728b)
Start importing Assets/Script/SaveLoad.cs using Guid(c7c79df9a3e666447b4839dbe4648f7a) Importer(815301076,1909f56bfc062723c751e8b465ee728b)  -> (artifact id: 'b8faadf7621553886df9b7cc8f33ad4e') in 0.025687 seconds
  Import took 0.043609 seconds .

========================================================================
Received Import Request.
  Time since last request: 2048.867806 seconds.
  path: Assets/Script/PlayerPrefsJTA.cs
  artifactKey: Guid(d5d43f5805af6cc44b40782c504413d3) Importer(815301076,1909f56bfc062723c751e8b465ee728b)
Start importing Assets/Script/PlayerPrefsJTA.cs using Guid(d5d43f5805af6cc44b40782c504413d3) Importer(815301076,1909f56bfc062723c751e8b465ee728b)  -> (artifact id: '84b729395374f304e686767ebe274e98') in 0.016697 seconds
  Import took 0.032782 seconds .

========================================================================
Received Import Request.
  Time since last request: 0.002373 seconds.
  path: Assets/Script/PlayerPrefsJTA.cs
  artifactKey: Guid(d5d43f5805af6cc44b40782c504413d3) Importer(815301076,1909f56bfc062723c751e8b465ee728b)
Start importing Assets/Script/PlayerPrefsJTA.cs using Guid(d5d43f5805af6cc44b40782c504413d3) Importer(815301076,1909f56bfc062723c751e8b465ee728b)  -> (artifact id: '84b729395374f304e686767ebe274e98') in 0.018668 seconds
  Import took 0.026112 seconds .

========================================================================
Received Prepare
Registering precompiled user dll's ...
Registered in 0.001306 seconds.
Begin MonoManager ReloadAssembly
Symbol file data-00000152D9323B70 doesn't match image C:\Program Files\Unity\Editor\Data\PlaybackEngines\WindowsStandaloneSupport\UnityEditor.WindowsStandalone.Extensions.dll
Symbol file LoadedFromMemory is not a mono symbol file
Native extension for WindowsStandalone target not found
Refreshing native plugins compatible for Editor in 0.23 ms, found 0 plugins.
Preloading 0 native plugins for Editor in 0.00 ms.
Invoked RoslynAnalysisRunner static constructor.
RoslynAnalysisRunner will not be running.
RoslynAnalysisRunner has terminated.
Mono: successfully reloaded assembly
- Completed reload, in  1.497 seconds
Platform modules already initialized, skipping
Refreshing native plugins compatible for Editor in 0.29 ms, found 0 plugins.
Preloading 0 native plugins for Editor in 0.00 ms.
Unloading 1102 Unused Serialized files (Serialized files now loaded: 0)
System memory in use before: 57.7 MB.
System memory in use after: 57.8 MB.

Unloading 5 unused Assets to reduce memory usage. Loaded Objects now: 1565.
Total: 4.897100 ms (FindLiveObjects: 0.279500 ms CreateObjectMapping: 0.073300 ms MarkObjects: 4.445800 ms  DeleteObjects: 0.096000 ms)

AssetImportWorkerClient::OnTransportError - code=2 error=End of file
